<?xml version="1.0" encoding="UTF-8"?>
<!-- Generated by org.testng.reporters.JUnitXMLReporter -->
<testsuite hostname="Priyanka-QA" ignored="0" name="Default test" tests="3" failures="0" timestamp="14 Oct 2019 06:19:01 GMT" time="30.037" errors="0">
  <testcase name="useProduct1" time="6.674" classname="selenium_assignment.task6"/>
  <testcase name="useProduct2" time="6.81" classname="selenium_assignment.task6"/>
  <testcase name="useProduct3" time="6.8" classname="selenium_assignment.task6"/>
</testsuite> <!-- Default test -->
