<?xml version="1.0" encoding="UTF-8"?>
<testng-results skipped="0" failed="0" ignored="0" total="1" passed="1">
  <reporter-output>
  </reporter-output>
  <suite name="Default suite" duration-ms="16664" started-at="2019-10-14T09:42:19Z" finished-at="2019-10-14T09:42:35Z">
    <groups>
    </groups>
    <test name="Default test" duration-ms="16664" started-at="2019-10-14T09:42:19Z" finished-at="2019-10-14T09:42:35Z">
      <class name="selenium_assignment.task6">
        <test-method status="PASS" signature="openBrowser()[pri:0, instance:selenium_assignment.task6@3e6fa38a]" name="openBrowser" is-config="true" duration-ms="9855" started-at="2019-10-14T09:42:19Z" finished-at="2019-10-14T09:42:29Z">
          <reporter-output>
          </reporter-output>
        </test-method> <!-- openBrowser -->
        <test-method status="PASS" signature="useProduct1()[pri:0, instance:selenium_assignment.task6@3e6fa38a]" name="useProduct1" duration-ms="6484" started-at="2019-10-14T09:42:29Z" finished-at="2019-10-14T09:42:35Z">
          <reporter-output>
          </reporter-output>
        </test-method> <!-- useProduct1 -->
      </class> <!-- selenium_assignment.task6 -->
    </test> <!-- Default test -->
  </suite> <!-- Default suite -->
</testng-results>
